# JRE version: Java(TM) SE Runtime Environment 18.9 (11.0.15.1+2) (build 11.0.15.1+2-LTS-10)
# Java VM: Java HotSpot(TM) 64-Bit Server VM 18.9 (11.0.15.1+2-LTS-10, mixed mode, tiered, compressed oops, g1 gc, windows-amd64)
Heap:
 garbage-first heap   total 393216K, used 91966K [0x0000000681400000, 0x0000000800000000)
  region size 1024K, 59 young (60416K), 2 survivors (2048K)
 Metaspace       used 47833K, capacity 48301K, committed 48412K, reserved 1091584K
  class space    used 5627K, capacity 5826K, committed 5836K, reserved 1048576K
GC Heap History (10 events):
Event: 0.465 GC heap before
{Heap before GC invocations=0 (full 0):
 garbage-first heap   total 393216K, used 27648K [0x0000000681400000, 0x0000000800000000)
  region size 1024K, 24 young (24576K), 0 survivors (0K)
 Metaspace       used 11891K, capacity 11988K, committed 12160K, reserved 1060864K
  class space    used 1110K, capacity 1142K, committed 1152K, reserved 1048576K
}
Event: 0.468 GC heap after
{Heap after GC invocations=1 (full 0):
 garbage-first heap   total 393216K, used 5948K [0x0000000681400000, 0x0000000800000000)
  region size 1024K, 3 young (3072K), 3 survivors (3072K)
 Metaspace       used 11891K, capacity 11988K, committed 12160K, reserved 1060864K
  class space    used 1110K, capacity 1142K, committed 1152K, reserved 1048576K
}
Event: 0.969 GC heap before
{Heap before GC invocations=1 (full 0):
 garbage-first heap   total 393216K, used 44860K [0x0000000681400000, 0x0000000800000000)
  region size 1024K, 42 young (43008K), 3 survivors (3072K)
 Metaspace       used 20916K, capacity 21130K, committed 21296K, reserved 1069056K
  class space    used 2231K, capacity 2318K, committed 2432K, reserved 1048576K
}
Event: 0.975 GC heap after
{Heap after GC invocations=2 (full 0):
 garbage-first heap   total 393216K, used 9871K [0x0000000681400000, 0x0000000800000000)
  region size 1024K, 7 young (7168K), 7 survivors (7168K)
 Metaspace       used 20916K, capacity 21130K, committed 21296K, reserved 1069056K
  class space    used 2231K, capacity 2318K, committed 2432K, reserved 1048576K
}
Event: 1.695 GC heap before
{Heap before GC invocations=3 (full 0):
 garbage-first heap   total 393216K, used 71311K [0x0000000681400000, 0x0000000800000000)
  region size 1024K, 59 young (60416K), 7 survivors (7168K)
 Metaspace       used 32325K, capacity 32705K, committed 32944K, reserved 1079296K
  class space    used 3844K, capacity 4016K, committed 4096K, reserved 1048576K
}
Event: 1.706 GC heap after
{Heap after GC invocations=4 (full 0):
 garbage-first heap   total 393216K, used 31930K [0x0000000681400000, 0x0000000800000000)
  region size 1024K, 8 young (8192K), 8 survivors (8192K)
 Metaspace       used 32325K, capacity 32705K, committed 32944K, reserved 1079296K
  class space    used 3844K, capacity 4016K, committed 4096K, reserved 1048576K
}
Event: 1.859 GC heap before
{Heap before GC invocations=4 (full 0):
 garbage-first heap   total 393216K, used 46266K [0x0000000681400000, 0x0000000800000000)
  region size 1024K, 22 young (22528K), 8 survivors (8192K)
 Metaspace       used 35107K, capacity 35467K, committed 35760K, reserved 1081344K
  class space    used 4148K, capacity 4316K, committed 4352K, reserved 1048576K
}
Event: 1.865 GC heap after
{Heap after GC invocations=5 (full 0):
 garbage-first heap   total 393216K, used 34911K [0x0000000681400000, 0x0000000800000000)
  region size 1024K, 3 young (3072K), 3 survivors (3072K)
 Metaspace       used 35107K, capacity 35467K, committed 35760K, reserved 1081344K
  class space    used 4148K, capacity 4316K, committed 4352K, reserved 1048576K
}
Event: 1.884 GC heap before
{Heap before GC invocations=5 (full 0):
 garbage-first heap   total 393216K, used 35935K [0x0000000681400000, 0x0000000800000000)
  region size 1024K, 5 young (5120K), 3 survivors (3072K)
 Metaspace       used 35498K, capacity 35819K, committed 35920K, reserved 1081344K
  class space    used 4207K, capacity 4348K, committed 4352K, reserved 1048576K
}
Event: 1.886 GC heap after
{Heap after GC invocations=6 (full 0):
 garbage-first heap   total 393216K, used 34622K [0x0000000681400000, 0x0000000800000000)
  region size 1024K, 2 young (2048K), 2 survivors (2048K)
 Metaspace       used 35498K, capacity 35819K, committed 35920K, reserved 1081344K
  class space    used 4207K, capacity 4348K, committed 4352K, reserved 1048576K
}

